Jan 04, 2019 5:37:02 PM org.apache.catalina.startup.VersionLoggerListener log
INFO: Server version:        Apache Tomcat/7.0.92
Jan 04, 2019 5:37:02 PM org.apache.catalina.startup.VersionLoggerListener log
INFO: Server built:          Nov 9 2018 11:07:44 UTC
Jan 04, 2019 5:37:02 PM org.apache.catalina.startup.VersionLoggerListener log
INFO: Server number:         7.0.92.0
Jan 04, 2019 5:37:02 PM org.apache.catalina.startup.VersionLoggerListener log
INFO: OS Name:               Linux
Jan 04, 2019 5:37:02 PM org.apache.catalina.startup.VersionLoggerListener log
INFO: OS Version:            3.13.0-24-generic
Jan 04, 2019 5:37:02 PM org.apache.catalina.startup.VersionLoggerListener log
INFO: Architecture:          amd64
Jan 04, 2019 5:37:02 PM org.apache.catalina.startup.VersionLoggerListener log
INFO: Java Home:             /usr/lib/jvm/java-8-openjdk-amd64/jre
Jan 04, 2019 5:37:02 PM org.apache.catalina.startup.VersionLoggerListener log
INFO: JVM Version:           1.8.0_171-8u171-b11-2~14.04-b11
Jan 04, 2019 5:37:02 PM org.apache.catalina.startup.VersionLoggerListener log
INFO: JVM Vendor:            Oracle Corporation
Jan 04, 2019 5:37:02 PM org.apache.catalina.startup.VersionLoggerListener log
INFO: CATALINA_BASE:         /usr/local/tomcat/apache-tomcat-7.0.92
Jan 04, 2019 5:37:02 PM org.apache.catalina.startup.VersionLoggerListener log
INFO: CATALINA_HOME:         /usr/local/tomcat/apache-tomcat-7.0.92
Jan 04, 2019 5:37:02 PM org.apache.catalina.startup.VersionLoggerListener log
INFO: Command line argument: -Djava.util.logging.config.file=/usr/local/tomcat/apache-tomcat-7.0.92/conf/logging.properties
Jan 04, 2019 5:37:02 PM org.apache.catalina.startup.VersionLoggerListener log
INFO: Command line argument: -Djava.util.logging.manager=org.apache.juli.ClassLoaderLogManager
Jan 04, 2019 5:37:02 PM org.apache.catalina.startup.VersionLoggerListener log
INFO: Command line argument: -Djdk.tls.ephemeralDHKeySize=2048
Jan 04, 2019 5:37:02 PM org.apache.catalina.startup.VersionLoggerListener log
INFO: Command line argument: -Dignore.endorsed.dirs=
Jan 04, 2019 5:37:02 PM org.apache.catalina.startup.VersionLoggerListener log
INFO: Command line argument: -Dcatalina.base=/usr/local/tomcat/apache-tomcat-7.0.92
Jan 04, 2019 5:37:02 PM org.apache.catalina.startup.VersionLoggerListener log
INFO: Command line argument: -Dcatalina.home=/usr/local/tomcat/apache-tomcat-7.0.92
Jan 04, 2019 5:37:02 PM org.apache.catalina.startup.VersionLoggerListener log
INFO: Command line argument: -Djava.io.tmpdir=/usr/local/tomcat/apache-tomcat-7.0.92/temp
Jan 04, 2019 5:37:02 PM org.apache.catalina.core.AprLifecycleListener lifecycleEvent
INFO: The APR based Apache Tomcat Native library which allows optimal performance in production environments was not found on the java.library.path: /usr/java/packages/lib/amd64:/usr/lib/x86_64-linux-gnu/jni:/lib/x86_64-linux-gnu:/usr/lib/x86_64-linux-gnu:/usr/lib/jni:/lib:/usr/lib
Jan 04, 2019 5:37:03 PM org.apache.coyote.AbstractProtocol init
INFO: Initializing ProtocolHandler ["http-bio-8080"]
Jan 04, 2019 5:37:03 PM org.apache.coyote.AbstractProtocol init
INFO: Initializing ProtocolHandler ["ajp-bio-8009"]
Jan 04, 2019 5:37:03 PM org.apache.catalina.startup.Catalina load
INFO: Initialization processed in 3453 ms
Jan 04, 2019 5:37:03 PM org.apache.catalina.core.StandardService startInternal
INFO: Starting service Catalina
Jan 04, 2019 5:37:03 PM org.apache.catalina.core.StandardEngine startInternal
INFO: Starting Servlet Engine: Apache Tomcat/7.0.92
Jan 04, 2019 5:37:03 PM org.apache.catalina.startup.HostConfig deployWAR
INFO: Deploying web application archive /usr/local/tomcat/apache-tomcat-7.0.92/webapps/yxr.war
Jan 04, 2019 5:37:07 PM org.apache.catalina.startup.HostConfig deployWAR
INFO: Deployment of web application archive /usr/local/tomcat/apache-tomcat-7.0.92/webapps/yxr.war has finished in 3,962 ms
Jan 04, 2019 5:37:07 PM org.apache.catalina.startup.HostConfig deployDirectory
INFO: Deploying web application directory /usr/local/tomcat/apache-tomcat-7.0.92/webapps/examples
Jan 04, 2019 5:37:09 PM org.apache.catalina.startup.HostConfig deployDirectory
INFO: Deployment of web application directory /usr/local/tomcat/apache-tomcat-7.0.92/webapps/examples has finished in 1,933 ms
Jan 04, 2019 5:37:09 PM org.apache.catalina.startup.HostConfig deployDirectory
INFO: Deploying web application directory /usr/local/tomcat/apache-tomcat-7.0.92/webapps/manager
Jan 04, 2019 5:37:10 PM org.apache.catalina.startup.HostConfig deployDirectory
INFO: Deployment of web application directory /usr/local/tomcat/apache-tomcat-7.0.92/webapps/manager has finished in 811 ms
Jan 04, 2019 5:37:10 PM org.apache.catalina.startup.HostConfig deployDirectory
INFO: Deploying web application directory /usr/local/tomcat/apache-tomcat-7.0.92/webapps/ROOT
Jan 04, 2019 5:37:11 PM org.apache.catalina.startup.HostConfig deployDirectory
INFO: Deployment of web application directory /usr/local/tomcat/apache-tomcat-7.0.92/webapps/ROOT has finished in 343 ms
Jan 04, 2019 5:37:11 PM org.apache.catalina.startup.HostConfig deployDirectory
INFO: Deploying web application directory /usr/local/tomcat/apache-tomcat-7.0.92/webapps/host-manager
Jan 04, 2019 5:37:11 PM org.apache.catalina.startup.HostConfig deployDirectory
INFO: Deployment of web application directory /usr/local/tomcat/apache-tomcat-7.0.92/webapps/host-manager has finished in 197 ms
Jan 04, 2019 5:37:11 PM org.apache.catalina.startup.HostConfig deployDirectory
INFO: Deploying web application directory /usr/local/tomcat/apache-tomcat-7.0.92/webapps/docs
Jan 04, 2019 5:37:11 PM org.apache.catalina.startup.HostConfig deployDirectory
INFO: Deployment of web application directory /usr/local/tomcat/apache-tomcat-7.0.92/webapps/docs has finished in 252 ms
Jan 04, 2019 5:37:11 PM org.apache.coyote.AbstractProtocol start
INFO: Starting ProtocolHandler ["http-bio-8080"]
Jan 04, 2019 5:37:11 PM org.apache.coyote.AbstractProtocol start
INFO: Starting ProtocolHandler ["ajp-bio-8009"]
Jan 04, 2019 5:37:11 PM org.apache.catalina.startup.Catalina start
INFO: Server startup in 8156 ms
